
Sat 16 Mar 2024 08:21:30 PM UTC: 
 exercises.c | 41 ++++++++++++++++++++++++++++++++++++++---
 1 file changed, 38 insertions(+), 3 deletions(-)
In file included from test.c:1:
exercises.c:1:3: error: stray ‘#’ in program
    1 | a #include <ctype.h>
      |   ^
exercises.c:1:1: error: unknown type name ‘a’
    1 | a #include <ctype.h>
      | ^
exercises.c:1:12: error: expected ‘=’, ‘,’, ‘;’, ‘asm’ or ‘__attribute__’ before ‘<’ token
    1 | a #include <ctype.h>
      |            ^
In file included from /nix/store/4pqv2mwdn88h7xvsm7a5zplrd8sxzvw0-glibc-2.35-163-dev/include/stdlib.h:395,
                 from exercises.c:4,
                 from test.c:1:
/nix/store/4pqv2mwdn88h7xvsm7a5zplrd8sxzvw0-glibc-2.35-163-dev/include/sys/types.h:33:9: error: unknown type name ‘__u_char’
   33 | typedef __u_char u_char;
      |         ^~~~~~~~
Compilation failed
e8fe30f
Sat 16 Mar 2024 08:21:50 PM UTC: 
 exercises.c | 2 +-
 1 file changed, 1 insertion(+), 1 deletion(-)
 tests:  0|5
total_score: 20/70
a957cfe
Sat 16 Mar 2024 08:22:29 PM UTC: 
 exercises.c | 2 +-
 1 file changed, 1 insertion(+), 1 deletion(-)
 tests:  0|4
total_score: 30/70
94d8b7b
Sat 16 Mar 2024 08:38:29 PM UTC: 
 exercises.c | 5 +++--
 1 file changed, 3 insertions(+), 2 deletions(-)
In file included from test.c:1:
exercises.c: In function ‘mergeSortedArrays’:
exercises.c:73:8: error: ‘result’ redeclared as different kind of symbol
   73 |   int *result = int*(malloc)((size1 + size2) * sizeof(int));
      |        ^~~~~~
exercises.c:72:73: note: previous definition of ‘result’ with type ‘int *’
   72 | void mergeSortedArrays(int arr1[], int size1, int arr2[], int size2,int result[]) {
      |                                                                     ~~~~^~~~~~~~
exercises.c:73:17: error: expected expression before ‘int’
   73 |   int *result = int*(malloc)((size1 + size2) * sizeof(int));
      |                 ^~~
exercises.c:73:8: error: unused variable ‘result’ [-Werror=unused-variable]
   73 |   int *result = int*(malloc)((size1 + size2) * sizeof(int));
      |        ^~~~~~
cc1: all warnings being treated as errors
Compilation failed
755d288
Sat 16 Mar 2024 08:38:52 PM UTC: 
 exercises.c | 2 +-
 1 file changed, 1 insertion(+), 1 deletion(-)
In file included from test.c:1:
exercises.c: In function ‘mergeSortedArrays’:
exercises.c:73:7: error: ‘result’ redeclared as different kind of symbol
   73 |   int result = int*(malloc)((size1 + size2) * sizeof(int));
      |       ^~~~~~
exercises.c:72:73: note: previous definition of ‘result’ with type ‘int *’
   72 | void mergeSortedArrays(int arr1[], int size1, int arr2[], int size2,int result[]) {
      |                                                                     ~~~~^~~~~~~~
exercises.c:73:16: error: expected expression before ‘int’
   73 |   int result = int*(malloc)((size1 + size2) * sizeof(int));
      |                ^~~
exercises.c:73:7: error: unused variable ‘result’ [-Werror=unused-variable]
   73 |   int result = int*(malloc)((size1 + size2) * sizeof(int));
      |       ^~~~~~
cc1: all warnings being treated as errors
Compilation failed
9ccef16
Sat 16 Mar 2024 08:39:27 PM UTC: 
 exercises.c | 2 +-
 1 file changed, 1 insertion(+), 1 deletion(-)
In file included from test.c:1:
exercises.c: In function ‘mergeSortedArrays’:
exercises.c:73:7: error: ‘result’ redeclared as different kind of symbol
   73 |   int result = (int)*malloc((size1 + size2) * sizeof(int));
      |       ^~~~~~
exercises.c:72:73: note: previous definition of ‘result’ with type ‘int *’
   72 | void mergeSortedArrays(int arr1[], int size1, int arr2[], int size2,int result[]) {
      |                                                                     ~~~~^~~~~~~~
exercises.c:73:21: error: dereferencing ‘void *’ pointer [-Werror]
   73 |   int result = (int)*malloc((size1 + size2) * sizeof(int));
      |                     ^~~~~~~~~~~~~~~~~~~~~~~~~~~~~~~~~~~~~~
exercises.c:73:16: error: invalid use of void expression
   73 |   int result = (int)*malloc((size1 + size2) * sizeof(int));
      |                ^
exercises.c:73:7: error: unused variable ‘result’ [-Werror=unused-variable]
   73 |   int result = (int)*malloc((size1 + size2) * sizeof(int));
      |       ^~~~~~
cc1: all warnings being treated as errors
Compilation failed
c4971d4
Sat 16 Mar 2024 08:40:23 PM UTC: 
 exercises.c | 2 +-
 1 file changed, 1 insertion(+), 1 deletion(-)
In file included from test.c:1:
exercises.c: In function ‘mergeSortedArrays’:
exercises.c:73:17: error: dereferencing ‘void *’ pointer [-Werror]
   73 |   result = (int)*malloc((size1 + size2) * sizeof(int));
      |                 ^~~~~~~~~~~~~~~~~~~~~~~~~~~~~~~~~~~~~~
exercises.c:73:12: error: invalid use of void expression
   73 |   result = (int)*malloc((size1 + size2) * sizeof(int));
      |            ^
cc1: all warnings being treated as errors
Compilation failed
ef8d4fc
Sat 16 Mar 2024 08:41:07 PM UTC: 
 exercises.c | 2 +-
 1 file changed, 1 insertion(+), 1 deletion(-)
In file included from test.c:1:
exercises.c: In function ‘mergeSortedArrays’:
exercises.c:73:50: error: expected expression before ‘)’ token
   73 |   result = (int)*malloc((size1 + size2) * sizeof());
      |                                                  ^
Compilation failed
11f278e
Sat 16 Mar 2024 08:41:27 PM UTC: 
 exercises.c | 2 +-
 1 file changed, 1 insertion(+), 1 deletion(-)
In file included from test.c:1:
exercises.c: In function ‘mergeSortedArrays’:
exercises.c:73:49: error: expected expression before ‘;’ token
   73 |   result = (int)*malloc((size1 + size2) * sizeof;
      |                                                 ^
exercises.c:73:50: error: expected ‘;’ before ‘}’ token
   73 |   result = (int)*malloc((size1 + size2) * sizeof;
      |                                                  ^
      |                                                  ;
   74 |                        }
      |                        ~                          
Compilation failed
aa26fa3
Sat 16 Mar 2024 08:48:56 PM UTC: 
 exercises.c | 6 ++++--
 1 file changed, 4 insertions(+), 2 deletions(-)
 tests:  0|4
total_score: 30/70
200d0ff
Sat 16 Mar 2024 08:55:30 PM UTC: 
 exercises.c | 2 +-
 1 file changed, 1 insertion(+), 1 deletion(-)
In file included from test.c:1:
exercises.c: In function ‘mergeSortedArrays’:
exercises.c:74:7: error: ‘result’ redeclared as different kind of symbol
   74 |   int result[] = (int *)malloc((size1 + size2) * sizeof(int));
      |       ^~~~~~
exercises.c:73:28: note: previous definition of ‘result’ with type ‘int *’
   73 |                        int result[]) {
      |                        ~~~~^~~~~~~~
exercises.c:74:18: error: invalid initializer
   74 |   int result[] = (int *)malloc((size1 + size2) * sizeof(int));
      |                  ^
exercises.c:74:7: error: unused variable ‘result’ [-Werror=unused-variable]
   74 |   int result[] = (int *)malloc((size1 + size2) * sizeof(int));
      |       ^~~~~~
cc1: all warnings being treated as errors
Compilation failed
c594b57
Sat 16 Mar 2024 08:55:49 PM UTC: 
 exercises.c | 2 +-
 1 file changed, 1 insertion(+), 1 deletion(-)
In file included from test.c:1:
exercises.c: In function ‘mergeSortedArrays’:
exercises.c:74:8: error: ‘result’ redeclared as different kind of symbol
   74 |   int *result[] = (int *)malloc((size1 + size2) * sizeof(int));
      |        ^~~~~~
exercises.c:73:28: note: previous definition of ‘result’ with type ‘int *’
   73 |                        int result[]) {
      |                        ~~~~^~~~~~~~
exercises.c:74:19: error: invalid initializer
   74 |   int *result[] = (int *)malloc((size1 + size2) * sizeof(int));
      |                   ^
exercises.c:74:8: error: unused variable ‘result’ [-Werror=unused-variable]
   74 |   int *result[] = (int *)malloc((size1 + size2) * sizeof(int));
      |        ^~~~~~
cc1: all warnings being treated as errors
Compilation failed
9fb4d1d
Sat 16 Mar 2024 08:56:09 PM UTC: 
 exercises.c | 2 +-
 1 file changed, 1 insertion(+), 1 deletion(-)
In file included from test.c:1:
exercises.c: In function ‘mergeSortedArrays’:
exercises.c:74:11: error: expected expression before ‘]’ token
   74 |   *result[] = (int *)malloc((size1 + size2) * sizeof(int));
      |           ^
Compilation failed
de50bde
Sat 16 Mar 2024 08:56:22 PM UTC: 
 exercises.c | 2 +-
 1 file changed, 1 insertion(+), 1 deletion(-)
In file included from test.c:1:
exercises.c: In function ‘mergeSortedArrays’:
exercises.c:74:11: error: assignment to ‘int’ from ‘int *’ makes integer from pointer without a cast [-Werror=int-conversion]
   74 |   *result = (int *)malloc((size1 + size2) * sizeof(int));
      |           ^
cc1: all warnings being treated as errors
Compilation failed
5ef6120
Sat 16 Mar 2024 08:56:41 PM UTC: 
 exercises.c | 2 +-
 1 file changed, 1 insertion(+), 1 deletion(-)
 tests:  0|4
total_score: 30/70
739b5d5
Sat 16 Mar 2024 09:07:07 PM UTC: 
 exercises.c | 22 ++++++++++++++++++++++
 1 file changed, 22 insertions(+)
In file included from test.c:1:
exercises.c: In function ‘mergeSortedArrays’:
exercises.c:96:10: error: ‘return’ with a value, in function returning void [-Werror=return-type]
   96 |   return result
      |          ^~~~~~
exercises.c:72:6: note: declared here
   72 | void mergeSortedArrays(int arr1[], int size1, int arr2[], int size2,
      |      ^~~~~~~~~~~~~~~~~
exercises.c:96:16: error: expected ‘;’ before ‘}’ token
   96 |   return result
      |                ^
      |                ;
   97 | 
   98 |                        }
      |                        ~
cc1: all warnings being treated as errors
Compilation failed
3a1cfbb
Sat 16 Mar 2024 09:07:21 PM UTC: 
 exercises.c | 2 +-
 1 file changed, 1 insertion(+), 1 deletion(-)
In file included from test.c:1:
exercises.c: In function ‘mergeSortedArrays’:
exercises.c:96:10: error: ‘return’ with a value, in function returning void [-Werror=return-type]
   96 |   return result;
      |          ^~~~~~
exercises.c:72:6: note: declared here
   72 | void mergeSortedArrays(int arr1[], int size1, int arr2[], int size2,
      |      ^~~~~~~~~~~~~~~~~
cc1: all warnings being treated as errors
Compilation failed
670c211
Sat 16 Mar 2024 09:07:52 PM UTC: 
 exercises.c | 2 +-
 1 file changed, 1 insertion(+), 1 deletion(-)
In file included from test.c:1:
exercises.c: In function ‘mergeSortedArrays’:
exercises.c:96:10: error: ‘return’ with a value, in function returning void [-Werror=return-type]
   96 |   return *result;
      |          ^~~~~~~
exercises.c:72:6: note: declared here
   72 | void mergeSortedArrays(int arr1[], int size1, int arr2[], int size2,
      |      ^~~~~~~~~~~~~~~~~
cc1: all warnings being treated as errors
Compilation failed
487ea6e
Sat 16 Mar 2024 09:11:01 PM UTC: 
 exercises.c | 12 ++++++------
 1 file changed, 6 insertions(+), 6 deletions(-)
In file included from test.c:1:
exercises.c: In function ‘mergeSortedArrays’:
exercises.c:74:14: error: initialization of ‘int’ from ‘int *’ makes integer from pointer without a cast [-Werror=int-conversion]
   74 |   int arr3 = (int *)malloc((size1 + size2) * sizeof(int));
      |              ^
exercises.c:78:11: error: subscripted value is neither array nor pointer nor vector
   78 |       arr3[z] = arr1[x];
      |           ^
exercises.c:81:11: error: subscripted value is neither array nor pointer nor vector
   81 |       arr3[z] = arr2[y];
      |           ^
exercises.c:87:9: error: subscripted value is neither array nor pointer nor vector
   87 |     arr3[z] = arr1[x];
      |         ^
exercises.c:92:9: error: subscripted value is neither array nor pointer nor vector
   92 |     arr3[z] = arr2[y];
      |         ^
exercises.c:96:10: error: ‘return’ with a value, in function returning void [-Werror=return-type]
   96 |   return arr3;
      |          ^~~~
exercises.c:72:6: note: declared here
   72 | void mergeSortedArrays(int arr1[], int size1, int arr2[], int size2,
      |      ^~~~~~~~~~~~~~~~~
cc1: all warnings being treated as errors
Compilation failed
8b38c34
Sat 16 Mar 2024 09:11:34 PM UTC: 
 exercises.c | 2 +-
 1 file changed, 1 insertion(+), 1 deletion(-)
In file included from test.c:1:
exercises.c: In function ‘mergeSortedArrays’:
exercises.c:96:10: error: ‘return’ with a value, in function returning void [-Werror=return-type]
   96 |   return arr3;
      |          ^~~~
exercises.c:72:6: note: declared here
   72 | void mergeSortedArrays(int arr1[], int size1, int arr2[], int size2,
      |      ^~~~~~~~~~~~~~~~~
cc1: all warnings being treated as errors
Compilation failed
cd93043
Sat 16 Mar 2024 09:12:22 PM UTC: 
 exercises.c | 1 +
 1 file changed, 1 insertion(+)
In file included from test.c:1:
exercises.c: In function ‘mergeSortedArrays’:
exercises.c:96:10: error: ‘return’ with a value, in function returning void [-Werror=return-type]
   96 |   return arr3;
      |          ^~~~
exercises.c:72:6: note: declared here
   72 | void mergeSortedArrays(int arr1[], int size1, int arr2[], int size2,
      |      ^~~~~~~~~~~~~~~~~
exercises.c:97:10: error: ‘return’ with a value, in function returning void [-Werror=return-type]
   97 |   return NULL;
      |          ^~~~
exercises.c:72:6: note: declared here
   72 | void mergeSortedArrays(int arr1[], int size1, int arr2[], int size2,
      |      ^~~~~~~~~~~~~~~~~
cc1: all warnings being treated as errors
Compilation failed
cdf9447
Sat 16 Mar 2024 09:13:14 PM UTC: 
 exercises.c | 4 +---
 1 file changed, 1 insertion(+), 3 deletions(-)
In file included from test.c:1:
exercises.c: In function ‘mergeSortedArrays’:
exercises.c:95:10: error: ‘return’ with a value, in function returning void [-Werror=return-type]
   95 |   return arr3;
      |          ^~~~
exercises.c:72:6: note: declared here
   72 | void mergeSortedArrays(int arr1[], int size1, int arr2[], int size2) {
      |      ^~~~~~~~~~~~~~~~~
test.c: In function ‘test_mergeSort’:
test.c:204:3: error: too many arguments to function ‘mergeSortedArrays’
  204 |   mergeSortedArrays(arr1, size1, arr2, size2, result);
      |   ^~~~~~~~~~~~~~~~~
In file included from test.c:1:
exercises.c:72:6: note: declared here
   72 | void mergeSortedArrays(int arr1[], int size1, int arr2[], int size2) {
      |      ^~~~~~~~~~~~~~~~~
cc1: all warnings being treated as errors
Compilation failed
68a2173
Sat 16 Mar 2024 09:14:44 PM UTC: 
 exercises.c | 15 ++++++++-------
 1 file changed, 8 insertions(+), 7 deletions(-)
In file included from test.c:1:
exercises.c: In function ‘mergeSortedArrays’:
exercises.c:74:8: error: ‘result’ redeclared as different kind of symbol
   74 |   int *result = (int *)malloc((size1 + size2) * sizeof(int));
      |        ^~~~~~
exercises.c:73:28: note: previous definition of ‘result’ with type ‘int *’
   73 |                        int result[]) {
      |                        ~~~~^~~~~~~~
exercises.c:96:10: error: ‘return’ with a value, in function returning void [-Werror=return-type]
   96 |   return result;
      |          ^~~~~~
exercises.c:72:6: note: declared here
   72 | void mergeSortedArrays(int arr1[], int size1, int arr2[], int size2,
      |      ^~~~~~~~~~~~~~~~~
cc1: all warnings being treated as errors
Compilation failed
a9e2347
Sat 16 Mar 2024 09:15:15 PM UTC: 
 exercises.c | 3 +--
 1 file changed, 1 insertion(+), 2 deletions(-)
In file included from test.c:1:
exercises.c: In function ‘mergeSortedArrays’:
exercises.c:73:8: error: ‘result’ redeclared as different kind of symbol
   73 |   int *result = (int *)malloc((size1 + size2) * sizeof(int));
      |        ^~~~~~
exercises.c:72:74: note: previous definition of ‘result’ with type ‘int *’
   72 | void mergeSortedArrays(int arr1[], int size1, int arr2[], int size2, int result[]) {
      |                                                                      ~~~~^~~~~~~~
exercises.c:95:10: error: ‘return’ with a value, in function returning void [-Werror=return-type]
   95 |   return result;
      |          ^~~~~~
exercises.c:72:6: note: declared here
   72 | void mergeSortedArrays(int arr1[], int size1, int arr2[], int size2, int result[]) {
      |      ^~~~~~~~~~~~~~~~~
cc1: all warnings being treated as errors
Compilation failed
70689c5
Sat 16 Mar 2024 09:15:28 PM UTC: 
 exercises.c | 2 +-
 1 file changed, 1 insertion(+), 1 deletion(-)
In file included from test.c:1:
exercises.c: In function ‘mergeSortedArrays’:
exercises.c:73:11: error: assignment to ‘int’ from ‘int *’ makes integer from pointer without a cast [-Werror=int-conversion]
   73 |   *result = (int *)malloc((size1 + size2) * sizeof(int));
      |           ^
exercises.c:95:10: error: ‘return’ with a value, in function returning void [-Werror=return-type]
   95 |   return result;
      |          ^~~~~~
exercises.c:72:6: note: declared here
   72 | void mergeSortedArrays(int arr1[], int size1, int arr2[], int size2, int result[]) {
      |      ^~~~~~~~~~~~~~~~~
cc1: all warnings being treated as errors
Compilation failed
d22c7d6
Sat 16 Mar 2024 09:15:49 PM UTC: 
 exercises.c | 2 +-
 1 file changed, 1 insertion(+), 1 deletion(-)
In file included from test.c:1:
exercises.c: In function ‘mergeSortedArrays’:
exercises.c:73:8: error: ‘result’ redeclared as different kind of symbol
   73 |   int *result[] = (int *)malloc((size1 + size2) * sizeof(int));
      |        ^~~~~~
exercises.c:72:74: note: previous definition of ‘result’ with type ‘int *’
   72 | void mergeSortedArrays(int arr1[], int size1, int arr2[], int size2, int result[]) {
      |                                                                      ~~~~^~~~~~~~
exercises.c:73:19: error: invalid initializer
   73 |   int *result[] = (int *)malloc((size1 + size2) * sizeof(int));
      |                   ^
exercises.c:77:17: error: assignment to ‘int *’ from ‘int’ makes pointer from integer without a cast [-Werror=int-conversion]
   77 |       result[z] = arr1[x];
      |                 ^
exercises.c:80:17: error: assignment to ‘int *’ from ‘int’ makes pointer from integer without a cast [-Werror=int-conversion]
   80 |       result[z] = arr2[y];
      |                 ^
exercises.c:86:15: error: assignment to ‘int *’ from ‘int’ makes pointer from integer without a cast [-Werror=int-conversion]
   86 |     result[z] = arr1[x];
      |               ^
exercises.c:91:15: error: assignment to ‘int *’ from ‘int’ makes pointer from integer without a cast [-Werror=int-conversion]
   91 |     result[z] = arr2[y];
      |               ^
exercises.c:95:10: error: ‘return’ with a value, in function returning void [-Werror=return-type]
   95 |   return result;
      |          ^~~~~~
exercises.c:72:6: note: declared here
   72 | void mergeSortedArrays(int arr1[], int size1, int arr2[], int size2, int result[]) {
      |      ^~~~~~~~~~~~~~~~~
cc1: all warnings being treated as errors
Compilation failed
e1ae64f
Sat 16 Mar 2024 09:16:18 PM UTC: 
 exercises.c | 2 +-
 1 file changed, 1 insertion(+), 1 deletion(-)
In file included from test.c:1:
exercises.c: In function ‘mergeSortedArrays’:
exercises.c:73:11: error: expected expression before ‘]’ token
   73 |   *result[] = (int *)malloc((size1 + size2) * sizeof(int));
      |           ^
exercises.c:95:10: error: ‘return’ with a value, in function returning void [-Werror=return-type]
   95 |   return result;
      |          ^~~~~~
exercises.c:72:6: note: declared here
   72 | void mergeSortedArrays(int arr1[], int size1, int arr2[], int size2, int result[]) {
      |      ^~~~~~~~~~~~~~~~~
cc1: all warnings being treated as errors
Compilation failed
63f2746
Sat 16 Mar 2024 09:21:18 PM UTC: 
 exercises.c | 10 +++++-----
 1 file changed, 5 insertions(+), 5 deletions(-)
In file included from test.c:1:
exercises.c: In function ‘mergeSortedArrays’:
exercises.c:95:10: error: ‘return’ with a value, in function returning void [-Werror=return-type]
   95 |   return result;
      |          ^~~~~~
exercises.c:72:6: note: declared here
   72 | void mergeSortedArrays(int arr1[], int size1, int arr2[], int size2, int result[]) {
      |      ^~~~~~~~~~~~~~~~~
cc1: all warnings being treated as errors
Compilation failed
ee8adf0
Sat 16 Mar 2024 09:21:34 PM UTC: 
 exercises.c | 2 +-
 1 file changed, 1 insertion(+), 1 deletion(-)
In file included from test.c:1:
exercises.c: In function ‘mergeSortedArrays’:
exercises.c:95:10: error: ‘return’ with a value, in function returning void [-Werror=return-type]
   95 |   return arr3;
      |          ^~~~
exercises.c:72:6: note: declared here
   72 | void mergeSortedArrays(int arr1[], int size1, int arr2[], int size2, int result[]) {
      |      ^~~~~~~~~~~~~~~~~
cc1: all warnings being treated as errors
Compilation failed
955089d
Sat 16 Mar 2024 09:22:14 PM UTC: 
 exercises.c | 2 +-
 1 file changed, 1 insertion(+), 1 deletion(-)
In file included from test.c:1:
exercises.c: In function ‘mergeSortedArrays’:
exercises.c:95:10: error: ‘return’ with a value, in function returning void [-Werror=return-type]
   95 |   return *arr3;
      |          ^~~~~
exercises.c:72:6: note: declared here
   72 | void mergeSortedArrays(int arr1[], int size1, int arr2[], int size2, int result[]) {
      |      ^~~~~~~~~~~~~~~~~
cc1: all warnings being treated as errors
Compilation failed
f4783fd
Sat 16 Mar 2024 09:22:47 PM UTC: 
 exercises.c | 2 +-
 1 file changed, 1 insertion(+), 1 deletion(-)
In file included from test.c:1:
exercises.c: In function ‘mergeSortedArrays’:
exercises.c:95:10: error: ‘return’ with a value, in function returning void [-Werror=return-type]
   95 |   return *result;
      |          ^~~~~~~
exercises.c:72:6: note: declared here
   72 | void mergeSortedArrays(int arr1[], int size1, int arr2[], int size2, int result[]) {
      |      ^~~~~~~~~~~~~~~~~
cc1: all warnings being treated as errors
Compilation failed
1183658
Sat 16 Mar 2024 09:25:12 PM UTC: 
 exercises.c | 1 -
 1 file changed, 1 deletion(-)
 tests:  0|0
8b7139f
Sat 16 Mar 2024 09:26:16 PM UTC: 
 exercises.c | 13 +++++++------
 1 file changed, 7 insertions(+), 6 deletions(-)
 tests:  0|4
total_score: 30/70
00e9d3a
Sat 16 Mar 2024 09:27:33 PM UTC: 
 exercises.c | 2 +-
 1 file changed, 1 insertion(+), 1 deletion(-)
In file included from test.c:1:
exercises.c: In function ‘mergeSortedArrays’:
exercises.c:74:8: error: ‘result’ redeclared as different kind of symbol
   74 |   int *result = (int *)malloc((size1 + size2) * sizeof(int));
      |        ^~~~~~
exercises.c:73:28: note: previous definition of ‘result’ with type ‘int *’
   73 |                        int result[]) {
      |                        ~~~~^~~~~~~~
Compilation failed
ad6de4e
Sat 16 Mar 2024 09:27:43 PM UTC: 
 exercises.c | 2 +-
 1 file changed, 1 insertion(+), 1 deletion(-)
In file included from test.c:1:
exercises.c: In function ‘mergeSortedArrays’:
exercises.c:74:11: error: assignment to ‘int’ from ‘int *’ makes integer from pointer without a cast [-Werror=int-conversion]
   74 |   *result = (int *)malloc((size1 + size2) * sizeof(int));
      |           ^
cc1: all warnings being treated as errors
Compilation failed
c20525e
Sat 16 Mar 2024 09:28:04 PM UTC: 
 exercises.c | 2 +-
 1 file changed, 1 insertion(+), 1 deletion(-)
In file included from test.c:1:
exercises.c: In function ‘mergeSortedArrays’:
exercises.c:74:7: error: ‘result’ redeclared as different kind of symbol
   74 |   int result[] = (int *)malloc((size1 + size2) * sizeof(int));
      |       ^~~~~~
exercises.c:73:28: note: previous definition of ‘result’ with type ‘int *’
   73 |                        int result[]) {
      |                        ~~~~^~~~~~~~
exercises.c:74:18: error: invalid initializer
   74 |   int result[] = (int *)malloc((size1 + size2) * sizeof(int));
      |                  ^
exercises.c:74:7: error: variable ‘result’ set but not used [-Werror=unused-but-set-variable]
   74 |   int result[] = (int *)malloc((size1 + size2) * sizeof(int));
      |       ^~~~~~
cc1: all warnings being treated as errors
Compilation failed
5572b2e
Sat 16 Mar 2024 09:28:27 PM UTC: 
 exercises.c | 2 +-
 1 file changed, 1 insertion(+), 1 deletion(-)
In file included from test.c:1:
exercises.c: In function ‘mergeSortedArrays’:
exercises.c:74:10: error: expected expression before ‘]’ token
   74 |   result[] = (int *)malloc((size1 + size2) * sizeof(int));
      |          ^
Compilation failed
3605a70
Sat 16 Mar 2024 09:28:39 PM UTC: 
 exercises.c | 2 +-
 1 file changed, 1 insertion(+), 1 deletion(-)
In file included from test.c:1:
exercises.c: In function ‘mergeSortedArrays’:
exercises.c:74:8: error: ‘result’ redeclared as different kind of symbol
   74 |   int *result[] = (int *)malloc((size1 + size2) * sizeof(int));
      |        ^~~~~~
exercises.c:73:28: note: previous definition of ‘result’ with type ‘int *’
   73 |                        int result[]) {
      |                        ~~~~^~~~~~~~
exercises.c:74:19: error: invalid initializer
   74 |   int *result[] = (int *)malloc((size1 + size2) * sizeof(int));
      |                   ^
exercises.c:78:17: error: assignment to ‘int *’ from ‘int’ makes pointer from integer without a cast [-Werror=int-conversion]
   78 |       result[z] = arr1[x];
      |                 ^
exercises.c:81:17: error: assignment to ‘int *’ from ‘int’ makes pointer from integer without a cast [-Werror=int-conversion]
   81 |       result[z] = arr2[y];
      |                 ^
exercises.c:87:15: error: assignment to ‘int *’ from ‘int’ makes pointer from integer without a cast [-Werror=int-conversion]
   87 |     result[z] = arr1[x];
      |               ^
exercises.c:92:15: error: assignment to ‘int *’ from ‘int’ makes pointer from integer without a cast [-Werror=int-conversion]
   92 |     result[z] = arr2[y];
      |               ^
exercises.c:74:8: error: variable ‘result’ set but not used [-Werror=unused-but-set-variable]
   74 |   int *result[] = (int *)malloc((size1 + size2) * sizeof(int));
      |        ^~~~~~
cc1: all warnings being treated as errors
Compilation failed
820e5f6
Sat 16 Mar 2024 09:29:54 PM UTC: 
 exercises.c | 2 +-
 1 file changed, 1 insertion(+), 1 deletion(-)
 tests:  0|3
total_score: 40/70
7bba8aa
Sat 16 Mar 2024 10:39:52 PM UTC: 
 exercises.c | 8 ++++++--
 1 file changed, 6 insertions(+), 2 deletions(-)
In file included from test.c:1:
exercises.c: In function ‘checkSorted’:
exercises.c:105:15: error: unused variable ‘od’ [-Werror=unused-variable]
  105 |   int oa = 1, od = 1;
      |               ^~
exercises.c:105:7: error: unused variable ‘oa’ [-Werror=unused-variable]
  105 |   int oa = 1, od = 1;
      |       ^~
exercises.c:109:14: error: control reaches end of non-void function [-Werror=return-type]
  109 |   return -2; }
      |              ^
cc1: all warnings being treated as errors
Compilation failed
909a050
Sat 16 Mar 2024 10:40:12 PM UTC: 
 exercises.c | 4 ++--
 1 file changed, 2 insertions(+), 2 deletions(-)
 tests:  0|3
total_score: 40/70
dfe1c8a
Sun 17 Mar 2024 02:01:22 AM UTC: 
 exercises.c | 23 +++++++++++++++++++++--
 1 file changed, 21 insertions(+), 2 deletions(-)
 tests:  0|3
total_score: 40/70
fbd09c3
Sun 17 Mar 2024 02:08:55 AM UTC: 
 exercises.c | 4 +++-
 1 file changed, 3 insertions(+), 1 deletion(-)
 tests:  0|3
total_score: 40/70
1565d6b
Sun 17 Mar 2024 02:10:04 AM UTC: 
 exercises.c | 4 ++--
 1 file changed, 2 insertions(+), 2 deletions(-)
 tests:  0|3
total_score: 40/70
9fea9c1
Sun 17 Mar 2024 02:11:47 AM UTC: 
 exercises.c | 2 +-
 1 file changed, 1 insertion(+), 1 deletion(-)
 tests:  0|3
total_score: 40/70
9a7b5a9
Sun 17 Mar 2024 02:16:34 AM UTC: 
 exercises.c | 8 ++++----
 1 file changed, 4 insertions(+), 4 deletions(-)
 tests:  0|3
total_score: 40/70
98a53d0
Sun 17 Mar 2024 02:16:55 AM UTC: 
 exercises.c | 2 +-
 1 file changed, 1 insertion(+), 1 deletion(-)
 tests:  0|3
total_score: 40/70
e261d70
Sun 17 Mar 2024 02:17:17 AM UTC: 
 exercises.c | 2 +-
 1 file changed, 1 insertion(+), 1 deletion(-)
 tests:  0|3
total_score: 40/70
5057ea7
Sun 17 Mar 2024 02:18:27 AM UTC: 
 exercises.c | 4 ++--
 1 file changed, 2 insertions(+), 2 deletions(-)
 tests:  0|3
total_score: 40/70
6383984
Sun 17 Mar 2024 02:26:08 AM UTC: 
 exercises.c | 14 ++++++--------
 1 file changed, 6 insertions(+), 8 deletions(-)
 tests:  0|3
total_score: 40/70
678646b
Sun 17 Mar 2024 02:26:42 AM UTC: 
 exercises.c | 2 +-
 1 file changed, 1 insertion(+), 1 deletion(-)
 tests:  0|3
total_score: 40/70
3f01432
Sun 17 Mar 2024 02:26:57 AM UTC: 
 exercises.c | 4 ++--
 1 file changed, 2 insertions(+), 2 deletions(-)
 tests:  0|3
total_score: 40/70
6cbbc7e
Sun 17 Mar 2024 02:31:27 AM UTC: 
 exercises.c | 8 ++++----
 1 file changed, 4 insertions(+), 4 deletions(-)
 tests:  0|3
total_score: 40/70
fb50fb7
Sun 17 Mar 2024 02:32:16 AM UTC: 
 exercises.c | 4 ++--
 1 file changed, 2 insertions(+), 2 deletions(-)
 tests:  0|3
total_score: 40/70
667f85e
Sun 17 Mar 2024 02:32:59 AM UTC: 
 exercises.c | 4 ++--
 1 file changed, 2 insertions(+), 2 deletions(-)
In file included from test.c:1:
exercises.c: In function ‘checkSorted’:
exercises.c:116:19: error: expected ‘)’ before ‘{’ token
  116 |   if(oa>=(size -1){
      |     ~             ^
      |                   )
exercises.c:116:3: note: ‘-Wmisleading-indentation’ is disabled from this point onwards, since column-tracking was disabled due to the size of the code/headers
  116 |   if(oa>=(size -1){
      |   ^~
exercises.c:116:3: note: adding ‘-flarge-source-files’ will allow for more column-tracking support, at the expense of compilation time and memory
test.c:410:1: error: expected declaration or statement at end of input
  410 | }
      | ^
test.c:411: error: control reaches end of non-void function [-Werror=return-type]
cc1: all warnings being treated as errors
Compilation failed
1e65a8b
Sun 17 Mar 2024 02:33:31 AM UTC: 
 exercises.c | 4 ++--
 1 file changed, 2 insertions(+), 2 deletions(-)
 tests:  0|3
total_score: 40/70
ac406b4
Sun 17 Mar 2024 02:33:51 AM UTC: 
 exercises.c | 4 ++--
 1 file changed, 2 insertions(+), 2 deletions(-)
 tests:  0|3
total_score: 40/70
5012473
Sun 17 Mar 2024 02:34:09 AM UTC: 
 exercises.c | 4 ++--
 1 file changed, 2 insertions(+), 2 deletions(-)
 tests:  0|3
total_score: 40/70
6ab1a68
Sun 17 Mar 2024 02:35:06 AM UTC: 
 exercises.c | 4 ++--
 1 file changed, 2 insertions(+), 2 deletions(-)
 tests:  0|3
total_score: 40/70
27ecd94
Sun 17 Mar 2024 02:36:47 AM UTC: 
 exercises.c | 6 +++---
 1 file changed, 3 insertions(+), 3 deletions(-)
 tests:  0|3
total_score: 40/70
f7d634d
Sun 17 Mar 2024 02:37:19 AM UTC: 
 exercises.c | 2 +-
 1 file changed, 1 insertion(+), 1 deletion(-)
 tests:  0|3
total_score: 40/70
6da81ef
Sun 17 Mar 2024 02:41:05 AM UTC: 
 exercises.c | 2 +-
 1 file changed, 1 insertion(+), 1 deletion(-)
 tests:  0|3
total_score: 40/70
07bc16e
Sun 17 Mar 2024 02:41:33 AM UTC: 
 exercises.c | 2 +-
 1 file changed, 1 insertion(+), 1 deletion(-)
 tests:  0|3
total_score: 40/70
e28f2a6
Sun 17 Mar 2024 02:42:02 AM UTC: 
 exercises.c | 6 +++---
 1 file changed, 3 insertions(+), 3 deletions(-)
 tests:  0|3
total_score: 40/70
a914b14
Sun 17 Mar 2024 02:42:47 AM UTC: 
 exercises.c | 4 ++--
 1 file changed, 2 insertions(+), 2 deletions(-)
 tests:  0|3
total_score: 40/70
5ff4eb8
Sun 17 Mar 2024 02:43:07 AM UTC: 
 exercises.c | 4 ++--
 1 file changed, 2 insertions(+), 2 deletions(-)
 tests:  0|3
total_score: 40/70
aae970c
Sun 17 Mar 2024 02:43:23 AM UTC: 
 exercises.c | 4 ++--
 1 file changed, 2 insertions(+), 2 deletions(-)
In file included from test.c:1:
exercises.c: In function ‘checkSorted’:
exercises.c:107:15: error: expected expression before ‘<’ token
  107 |     if(arr[i]=<arr[i-1]){
      |               ^
exercises.c:112:15: error: expected expression before ‘>’ token
  112 |     if(arr[i]=>arr[i-1]){
      |               ^
Compilation failed
bcb4968
Sun 17 Mar 2024 02:43:40 AM UTC: 
 exercises.c | 4 ++--
 1 file changed, 2 insertions(+), 2 deletions(-)
 tests:  0|3
total_score: 40/70
2135f4e
Sun 17 Mar 2024 02:43:59 AM UTC: 
 exercises.c | 4 ++--
 1 file changed, 2 insertions(+), 2 deletions(-)
 tests:  0|3
total_score: 40/70
48dfd98
Sun 17 Mar 2024 02:45:12 AM UTC: 
 exercises.c | 2 +-
 1 file changed, 1 insertion(+), 1 deletion(-)
 tests:  0|3
total_score: 40/70
301afbc
